2026-01-11 13:39:10,393 - INFO - Logging initialized successfully
2026-01-11 13:39:10,394 - INFO - Starting vendor summary pipeline
2026-01-11 13:39:10,395 - INFO - Running vendor summary SQL query
2026-01-11 13:39:33,092 - INFO - Vendor summary query executed successfully
2026-01-11 13:39:33,094 - INFO - 
   VendorNumber                   VendorName  Brand              Description  PurchasePrice  ActualPrice Volume  TotalPurchaseQuantity  TotalPurchaseDollars  TotalSalesQuantity  TotalSalesDollars  AvgSalesPrice  TotalExciseTax  FreightCost
0          1128  BROWN-FORMAN CORP             1233  Jack Daniels No 7 Black          26.27        36.99   1750                 145080            3811251.60            142049.0       5.101920e+06      35.916617       260999.20     68601.68
1          4425        MARTIGNETTI COMPANIES   3405    Tito's Handmade Vodka          23.19        28.99   1750                 164038            3804041.22            160247.0       4.819073e+06      30.072784       294438.66    144929.24
2         17035  PERNOD RICARD USA             8068         Absolut 80 Proof          18.24        24.99   1750                 187407            3418303.68            187140.0       4.538121e+06      24.249870       343854.07    123780.22
3          3960  DIAGEO NORTH AMERICA INC      4261   Capt Morgan Spiced Rum          16.17        22.99   1750                 201682            3261197.94            200412.0       4.475973e+06      22.333857       368242.80    257032.07
4          3960  DIAGEO NORTH AMERICA INC      3545          Ketel One Vodka          21.89        29.99   1750                 138109            3023206.01            135838.0       4.223108e+06      31.089295       249587.83    257032.07
2026-01-11 13:39:33,094 - INFO - Cleaning vendor summary data
2026-01-11 13:39:33,100 - INFO - Data cleaning completed
2026-01-11 13:39:33,103 - INFO - 
   VendorNumber                VendorName  Brand              Description  PurchasePrice  ActualPrice Volume  TotalPurchaseQuantity  TotalPurchaseDollars  TotalSalesQuantity  TotalSalesDollars  AvgSalesPrice  TotalExciseTax  FreightCost  GrossProfit ProfitMargin  StockTurnover  SalesToPurchaseRatio
0          1128         BROWN-FORMAN CORP   1233  Jack Daniels No 7 Black          26.27        36.99   1750                 145080            3811251.60            142049.0       5.101920e+06      35.916617       260999.20     68601.68   1290667.91    25.297693       0.979108              1.338647
1          4425     MARTIGNETTI COMPANIES   3405    Tito's Handmade Vodka          23.19        28.99   1750                 164038            3804041.22            160247.0       4.819073e+06      30.072784       294438.66    144929.24   1015032.27     21.06281       0.976890              1.266830
2         17035         PERNOD RICARD USA   8068         Absolut 80 Proof          18.24        24.99   1750                 187407            3418303.68            187140.0       4.538121e+06      24.249870       343854.07    123780.22   1119816.92    24.675786       0.998575              1.327594
3          3960  DIAGEO NORTH AMERICA INC   4261   Capt Morgan Spiced Rum          16.17        22.99   1750                 201682            3261197.94            200412.0       4.475973e+06      22.333857       368242.80    257032.07   1214774.94    27.139908       0.993703              1.372493
4          3960  DIAGEO NORTH AMERICA INC   3545          Ketel One Vodka          21.89        29.99   1750                 138109            3023206.01            135838.0       4.223108e+06      31.089295       249587.83    257032.07   1199901.61    28.412764       0.983556              1.396897
2026-01-11 13:39:33,104 - INFO - Ingesting data into vendor_sales_summary table
2026-01-11 13:39:33,133 - INFO - Pipeline completed successfully in 22.74 seconds
2026-01-11 13:40:42,969 - INFO - Logging initialized successfully
2026-01-11 13:40:42,970 - INFO - Starting vendor summary pipeline
2026-01-11 13:40:42,971 - INFO - Running vendor summary SQL query
2026-01-11 13:41:06,751 - INFO - Vendor summary query executed successfully
2026-01-11 13:41:06,756 - INFO - 
   VendorNumber                   VendorName  Brand              Description  PurchasePrice  ActualPrice Volume  TotalPurchaseQuantity  TotalPurchaseDollars  TotalSalesQuantity  TotalSalesDollars  AvgSalesPrice  TotalExciseTax  FreightCost
0          1128  BROWN-FORMAN CORP             1233  Jack Daniels No 7 Black          26.27        36.99   1750                 145080            3811251.60            142049.0       5.101920e+06      35.916617       260999.20     68601.68
1          4425        MARTIGNETTI COMPANIES   3405    Tito's Handmade Vodka          23.19        28.99   1750                 164038            3804041.22            160247.0       4.819073e+06      30.072784       294438.66    144929.24
2         17035  PERNOD RICARD USA             8068         Absolut 80 Proof          18.24        24.99   1750                 187407            3418303.68            187140.0       4.538121e+06      24.249870       343854.07    123780.22
3          3960  DIAGEO NORTH AMERICA INC      4261   Capt Morgan Spiced Rum          16.17        22.99   1750                 201682            3261197.94            200412.0       4.475973e+06      22.333857       368242.80    257032.07
4          3960  DIAGEO NORTH AMERICA INC      3545          Ketel One Vodka          21.89        29.99   1750                 138109            3023206.01            135838.0       4.223108e+06      31.089295       249587.83    257032.07
2026-01-11 13:41:06,756 - INFO - Cleaning vendor summary data
2026-01-11 13:41:06,768 - INFO - Data cleaning completed
2026-01-11 13:41:06,771 - INFO - 
   VendorNumber                VendorName  Brand              Description  PurchasePrice  ActualPrice Volume  TotalPurchaseQuantity  TotalPurchaseDollars  TotalSalesQuantity  TotalSalesDollars  AvgSalesPrice  TotalExciseTax  FreightCost  GrossProfit ProfitMargin  StockTurnover  SalesToPurchaseRatio
0          1128         BROWN-FORMAN CORP   1233  Jack Daniels No 7 Black          26.27        36.99   1750                 145080            3811251.60            142049.0       5.101920e+06      35.916617       260999.20     68601.68   1290667.91    25.297693       0.979108              1.338647
1          4425     MARTIGNETTI COMPANIES   3405    Tito's Handmade Vodka          23.19        28.99   1750                 164038            3804041.22            160247.0       4.819073e+06      30.072784       294438.66    144929.24   1015032.27     21.06281       0.976890              1.266830
2         17035         PERNOD RICARD USA   8068         Absolut 80 Proof          18.24        24.99   1750                 187407            3418303.68            187140.0       4.538121e+06      24.249870       343854.07    123780.22   1119816.92    24.675786       0.998575              1.327594
3          3960  DIAGEO NORTH AMERICA INC   4261   Capt Morgan Spiced Rum          16.17        22.99   1750                 201682            3261197.94            200412.0       4.475973e+06      22.333857       368242.80    257032.07   1214774.94    27.139908       0.993703              1.372493
4          3960  DIAGEO NORTH AMERICA INC   3545          Ketel One Vodka          21.89        29.99   1750                 138109            3023206.01            135838.0       4.223108e+06      31.089295       249587.83    257032.07   1199901.61    28.412764       0.983556              1.396897
2026-01-11 13:41:06,774 - INFO - Ingesting data into vendor_sales_summary table
2026-01-11 13:41:06,813 - INFO - Pipeline completed successfully in 23.84 seconds
2026-01-11 13:57:24,934 - ERROR - No such comm target registered: jupyter.widget.control
2026-01-11 13:57:24,952 - WARNING - No such comm: 5db76f51-33f4-4fae-aef0-dd71fac312f8
2026-01-11 20:46:06,505 - ERROR - No such comm target registered: jupyter.widget.control
2026-01-11 20:46:06,507 - WARNING - No such comm: d72fc971-6c03-4896-b5a6-a9806be0c0fc
2026-01-12 09:12:06,087 - ERROR - No such comm target registered: jupyter.widget.control
2026-01-12 09:12:06,089 - WARNING - No such comm: 68357f59-beb2-4e93-bcf5-db64fe5e2bf8
2026-01-12 11:33:22,578 - ERROR - No such comm target registered: jupyter.widget.control
2026-01-12 11:33:22,580 - WARNING - No such comm: 21f0dc8e-aba3-4f9c-969b-ad8d0e69520d
